<?xml version="1.0" encoding="UTF-8"?>
<robot generator="Robot 6.0.2 (Python 3.11.3 on win32)" generated="20230425 17:23:23.232" rpa="false" schemaversion="3">
<suite id="s1" name="Suites">
<suite id="s1-s1" name="DataDriven CSV" source="D:\Code Files\Python\RobotFramworkTute\Tests\Google\FunctionalTestSuite\DataDriven_CSV.robot">
<kw name="Start TestCase" library="Common_Datadriven" type="SETUP">
<kw name="Open Browser" library="SeleniumLibrary">
<arg>${url}</arg>
<arg>${browser}</arg>
<doc>Opens a new browser instance to the optional ``url``.</doc>
<msg timestamp="20230425 17:23:23.741" level="INFO">Opening browser 'Chrome' to base url 'https://www.saucedemo.com/'.</msg>
<status status="PASS" starttime="20230425 17:23:23.740" endtime="20230425 17:23:26.978"/>
</kw>
<kw name="Maximize Browser Window" library="SeleniumLibrary">
<doc>Maximizes current browser window.</doc>
<status status="PASS" starttime="20230425 17:23:26.979" endtime="20230425 17:23:27.224"/>
</kw>
<kw name="Sleep" library="BuiltIn">
<arg>1s</arg>
<doc>Pauses the test executed for the given time.</doc>
<msg timestamp="20230425 17:23:28.226" level="INFO">Slept 1 second</msg>
<status status="PASS" starttime="20230425 17:23:27.224" endtime="20230425 17:23:28.226"/>
</kw>
<status status="PASS" starttime="20230425 17:23:23.738" endtime="20230425 17:23:28.227"/>
</kw>
<test id="s1-s1-t1" name="Verify Login Fails with Invalid Creds" line="12">
<kw name="Invalid Login Scenarios">
<arg>Epic sadface: Username is required</arg>
<kw name="Input Text" library="SeleniumLibrary">
<arg>${txtbox_username}</arg>
<arg>${username}</arg>
<doc>Types the given ``text`` into the text field identified by ``locator``.</doc>
<msg timestamp="20230425 17:23:28.242" level="INFO">Typing text '' into text field 'xpath://*[@id="user-name"]'.</msg>
<status status="PASS" starttime="20230425 17:23:28.239" endtime="20230425 17:23:28.365"/>
</kw>
<kw name="Input Text" library="SeleniumLibrary">
<arg>${txtbox_password}</arg>
<arg>${password}</arg>
<doc>Types the given ``text`` into the text field identified by ``locator``.</doc>
<msg timestamp="20230425 17:23:28.366" level="INFO">Typing text '' into text field 'xpath://*[@id="password"]'.</msg>
<status status="PASS" starttime="20230425 17:23:28.365" endtime="20230425 17:23:28.474"/>
</kw>
<kw name="Click Button" library="SeleniumLibrary">
<arg>${btn_login}</arg>
<doc>Clicks the button identified by ``locator``.</doc>
<msg timestamp="20230425 17:23:28.474" level="INFO">Clicking button 'xpath://*[@id="login-button"]'.</msg>
<status status="PASS" starttime="20230425 17:23:28.474" endtime="20230425 17:23:28.565"/>
</kw>
<kw name="Sleep" library="BuiltIn">
<arg>1s</arg>
<doc>Pauses the test executed for the given time.</doc>
<msg timestamp="20230425 17:23:29.567" level="INFO">Slept 1 second</msg>
<status status="PASS" starttime="20230425 17:23:28.565" endtime="20230425 17:23:29.567"/>
</kw>
<kw name="Element Should Contain" library="SeleniumLibrary">
<arg>${txt_error}</arg>
<arg>${error_msg}</arg>
<doc>Verifies that element ``locator`` contains text ``expected``.</doc>
<msg timestamp="20230425 17:23:29.613" level="INFO">Element 'xpath://*[@id="login_button_container"]/div/form/div[3]/h3' contains text 'Epic sadface: Username is required'.</msg>
<status status="PASS" starttime="20230425 17:23:29.567" endtime="20230425 17:23:29.613"/>
</kw>
<status status="PASS" starttime="20230425 17:23:28.235" endtime="20230425 17:23:29.614"/>
</kw>
<status status="PASS" starttime="20230425 17:23:28.227" endtime="20230425 17:23:29.614"/>
</test>
<test id="s1-s1-t2" name="Verify Login Fails with Invalid Creds" line="12">
<kw name="Invalid Login Scenarios">
<arg>standard_user</arg>
<arg>Epic sadface: Password is required</arg>
<kw name="Input Text" library="SeleniumLibrary">
<arg>${txtbox_username}</arg>
<arg>${username}</arg>
<doc>Types the given ``text`` into the text field identified by ``locator``.</doc>
<msg timestamp="20230425 17:23:29.617" level="INFO">Typing text 'standard_user' into text field 'xpath://*[@id="user-name"]'.</msg>
<status status="PASS" starttime="20230425 17:23:29.617" endtime="20230425 17:23:29.748"/>
</kw>
<kw name="Input Text" library="SeleniumLibrary">
<arg>${txtbox_password}</arg>
<arg>${password}</arg>
<doc>Types the given ``text`` into the text field identified by ``locator``.</doc>
<msg timestamp="20230425 17:23:29.749" level="INFO">Typing text '' into text field 'xpath://*[@id="password"]'.</msg>
<status status="PASS" starttime="20230425 17:23:29.749" endtime="20230425 17:23:29.816"/>
</kw>
<kw name="Click Button" library="SeleniumLibrary">
<arg>${btn_login}</arg>
<doc>Clicks the button identified by ``locator``.</doc>
<msg timestamp="20230425 17:23:29.817" level="INFO">Clicking button 'xpath://*[@id="login-button"]'.</msg>
<status status="PASS" starttime="20230425 17:23:29.816" endtime="20230425 17:23:29.866"/>
</kw>
<kw name="Sleep" library="BuiltIn">
<arg>1s</arg>
<doc>Pauses the test executed for the given time.</doc>
<msg timestamp="20230425 17:23:30.867" level="INFO">Slept 1 second</msg>
<status status="PASS" starttime="20230425 17:23:29.866" endtime="20230425 17:23:30.867"/>
</kw>
<kw name="Element Should Contain" library="SeleniumLibrary">
<arg>${txt_error}</arg>
<arg>${error_msg}</arg>
<doc>Verifies that element ``locator`` contains text ``expected``.</doc>
<msg timestamp="20230425 17:23:30.889" level="INFO">Element 'xpath://*[@id="login_button_container"]/div/form/div[3]/h3' contains text 'Epic sadface: Password is required'.</msg>
<status status="PASS" starttime="20230425 17:23:30.867" endtime="20230425 17:23:30.889"/>
</kw>
<status status="PASS" starttime="20230425 17:23:29.617" endtime="20230425 17:23:30.889"/>
</kw>
<status status="PASS" starttime="20230425 17:23:29.616" endtime="20230425 17:23:30.890"/>
</test>
<test id="s1-s1-t3" name="Verify Login Fails with Invalid Creds" line="12">
<kw name="Invalid Login Scenarios">
<arg>standard_use</arg>
<arg>secret_sa</arg>
<arg>Epic sadface: Username and password do not match any user in this service</arg>
<kw name="Input Text" library="SeleniumLibrary">
<arg>${txtbox_username}</arg>
<arg>${username}</arg>
<doc>Types the given ``text`` into the text field identified by ``locator``.</doc>
<msg timestamp="20230425 17:23:30.902" level="INFO">Typing text 'standard_use' into text field 'xpath://*[@id="user-name"]'.</msg>
<status status="PASS" starttime="20230425 17:23:30.900" endtime="20230425 17:23:31.052"/>
</kw>
<kw name="Input Text" library="SeleniumLibrary">
<arg>${txtbox_password}</arg>
<arg>${password}</arg>
<doc>Types the given ``text`` into the text field identified by ``locator``.</doc>
<msg timestamp="20230425 17:23:31.053" level="INFO">Typing text 'secret_sa' into text field 'xpath://*[@id="password"]'.</msg>
<status status="PASS" starttime="20230425 17:23:31.052" endtime="20230425 17:23:31.173"/>
</kw>
<kw name="Click Button" library="SeleniumLibrary">
<arg>${btn_login}</arg>
<doc>Clicks the button identified by ``locator``.</doc>
<msg timestamp="20230425 17:23:31.174" level="INFO">Clicking button 'xpath://*[@id="login-button"]'.</msg>
<status status="PASS" starttime="20230425 17:23:31.173" endtime="20230425 17:23:31.224"/>
</kw>
<kw name="Sleep" library="BuiltIn">
<arg>1s</arg>
<doc>Pauses the test executed for the given time.</doc>
<msg timestamp="20230425 17:23:32.224" level="INFO">Slept 1 second</msg>
<status status="PASS" starttime="20230425 17:23:31.224" endtime="20230425 17:23:32.224"/>
</kw>
<kw name="Element Should Contain" library="SeleniumLibrary">
<arg>${txt_error}</arg>
<arg>${error_msg}</arg>
<doc>Verifies that element ``locator`` contains text ``expected``.</doc>
<msg timestamp="20230425 17:23:32.240" level="INFO">Element 'xpath://*[@id="login_button_container"]/div/form/div[3]/h3' contains text 'Epic sadface: Username and password do not match any user in this service'.</msg>
<status status="PASS" starttime="20230425 17:23:32.224" endtime="20230425 17:23:32.241"/>
</kw>
<status status="PASS" starttime="20230425 17:23:30.899" endtime="20230425 17:23:32.241"/>
</kw>
<status status="PASS" starttime="20230425 17:23:30.896" endtime="20230425 17:23:32.241"/>
</test>
<test id="s1-s1-t4" name="Verify Login Fails with Invalid Creds" line="12">
<kw name="Invalid Login Scenarios">
<arg>standard_user</arg>
<arg>secret_sa</arg>
<arg>Epic sadface: Username and password do not match any user in this service</arg>
<kw name="Input Text" library="SeleniumLibrary">
<arg>${txtbox_username}</arg>
<arg>${username}</arg>
<doc>Types the given ``text`` into the text field identified by ``locator``.</doc>
<msg timestamp="20230425 17:23:32.241" level="INFO">Typing text 'standard_user' into text field 'xpath://*[@id="user-name"]'.</msg>
<status status="PASS" starttime="20230425 17:23:32.241" endtime="20230425 17:23:32.371"/>
</kw>
<kw name="Input Text" library="SeleniumLibrary">
<arg>${txtbox_password}</arg>
<arg>${password}</arg>
<doc>Types the given ``text`` into the text field identified by ``locator``.</doc>
<msg timestamp="20230425 17:23:32.372" level="INFO">Typing text 'secret_sa' into text field 'xpath://*[@id="password"]'.</msg>
<status status="PASS" starttime="20230425 17:23:32.371" endtime="20230425 17:23:32.502"/>
</kw>
<kw name="Click Button" library="SeleniumLibrary">
<arg>${btn_login}</arg>
<doc>Clicks the button identified by ``locator``.</doc>
<msg timestamp="20230425 17:23:32.503" level="INFO">Clicking button 'xpath://*[@id="login-button"]'.</msg>
<status status="PASS" starttime="20230425 17:23:32.502" endtime="20230425 17:23:32.553"/>
</kw>
<kw name="Sleep" library="BuiltIn">
<arg>1s</arg>
<doc>Pauses the test executed for the given time.</doc>
<msg timestamp="20230425 17:23:33.555" level="INFO">Slept 1 second</msg>
<status status="PASS" starttime="20230425 17:23:32.553" endtime="20230425 17:23:33.555"/>
</kw>
<kw name="Element Should Contain" library="SeleniumLibrary">
<arg>${txt_error}</arg>
<arg>${error_msg}</arg>
<doc>Verifies that element ``locator`` contains text ``expected``.</doc>
<msg timestamp="20230425 17:23:33.581" level="INFO">Element 'xpath://*[@id="login_button_container"]/div/form/div[3]/h3' contains text 'Epic sadface: Username and password do not match any user in this service'.</msg>
<status status="PASS" starttime="20230425 17:23:33.555" endtime="20230425 17:23:33.582"/>
</kw>
<status status="PASS" starttime="20230425 17:23:32.241" endtime="20230425 17:23:33.582"/>
</kw>
<status status="PASS" starttime="20230425 17:23:32.241" endtime="20230425 17:23:33.583"/>
</test>
<test id="s1-s1-t5" name="Verify Login Fails with Invalid Creds" line="12">
<kw name="Invalid Login Scenarios">
<arg>locked_out_user</arg>
<arg>secret_sauce</arg>
<arg>Epic sadface: Sorry, this user has been locked out.</arg>
<kw name="Input Text" library="SeleniumLibrary">
<arg>${txtbox_username}</arg>
<arg>${username}</arg>
<doc>Types the given ``text`` into the text field identified by ``locator``.</doc>
<msg timestamp="20230425 17:23:33.588" level="INFO">Typing text 'locked_out_user' into text field 'xpath://*[@id="user-name"]'.</msg>
<status status="PASS" starttime="20230425 17:23:33.586" endtime="20230425 17:23:33.737"/>
</kw>
<kw name="Input Text" library="SeleniumLibrary">
<arg>${txtbox_password}</arg>
<arg>${password}</arg>
<doc>Types the given ``text`` into the text field identified by ``locator``.</doc>
<msg timestamp="20230425 17:23:33.739" level="INFO">Typing text 'secret_sauce' into text field 'xpath://*[@id="password"]'.</msg>
<status status="PASS" starttime="20230425 17:23:33.738" endtime="20230425 17:23:33.855"/>
</kw>
<kw name="Click Button" library="SeleniumLibrary">
<arg>${btn_login}</arg>
<doc>Clicks the button identified by ``locator``.</doc>
<msg timestamp="20230425 17:23:33.856" level="INFO">Clicking button 'xpath://*[@id="login-button"]'.</msg>
<status status="PASS" starttime="20230425 17:23:33.855" endtime="20230425 17:23:33.910"/>
</kw>
<kw name="Sleep" library="BuiltIn">
<arg>1s</arg>
<doc>Pauses the test executed for the given time.</doc>
<msg timestamp="20230425 17:23:34.913" level="INFO">Slept 1 second</msg>
<status status="PASS" starttime="20230425 17:23:33.911" endtime="20230425 17:23:34.913"/>
</kw>
<kw name="Element Should Contain" library="SeleniumLibrary">
<arg>${txt_error}</arg>
<arg>${error_msg}</arg>
<doc>Verifies that element ``locator`` contains text ``expected``.</doc>
<msg timestamp="20230425 17:23:34.934" level="INFO">Element 'xpath://*[@id="login_button_container"]/div/form/div[3]/h3' contains text 'Epic sadface: Sorry, this user has been locked out.'.</msg>
<status status="PASS" starttime="20230425 17:23:34.913" endtime="20230425 17:23:34.934"/>
</kw>
<status status="PASS" starttime="20230425 17:23:33.586" endtime="20230425 17:23:34.935"/>
</kw>
<status status="PASS" starttime="20230425 17:23:33.583" endtime="20230425 17:23:34.935"/>
</test>
<test id="s1-s1-t6" name="Verify Login Fails with Invalid Creds" line="12">
<kw name="Invalid Login Scenarios">
<arg>standard_us</arg>
<arg>secret_sauce</arg>
<arg>Epic sadface: Username and password do not match any user in this service</arg>
<kw name="Input Text" library="SeleniumLibrary">
<arg>${txtbox_username}</arg>
<arg>${username}</arg>
<doc>Types the given ``text`` into the text field identified by ``locator``.</doc>
<msg timestamp="20230425 17:23:34.937" level="INFO">Typing text 'standard_us' into text field 'xpath://*[@id="user-name"]'.</msg>
<status status="PASS" starttime="20230425 17:23:34.937" endtime="20230425 17:23:35.068"/>
</kw>
<kw name="Input Text" library="SeleniumLibrary">
<arg>${txtbox_password}</arg>
<arg>${password}</arg>
<doc>Types the given ``text`` into the text field identified by ``locator``.</doc>
<msg timestamp="20230425 17:23:35.069" level="INFO">Typing text 'secret_sauce' into text field 'xpath://*[@id="password"]'.</msg>
<status status="PASS" starttime="20230425 17:23:35.068" endtime="20230425 17:23:35.205"/>
</kw>
<kw name="Click Button" library="SeleniumLibrary">
<arg>${btn_login}</arg>
<doc>Clicks the button identified by ``locator``.</doc>
<msg timestamp="20230425 17:23:35.207" level="INFO">Clicking button 'xpath://*[@id="login-button"]'.</msg>
<status status="PASS" starttime="20230425 17:23:35.206" endtime="20230425 17:23:35.261"/>
</kw>
<kw name="Sleep" library="BuiltIn">
<arg>1s</arg>
<doc>Pauses the test executed for the given time.</doc>
<msg timestamp="20230425 17:23:36.261" level="INFO">Slept 1 second</msg>
<status status="PASS" starttime="20230425 17:23:35.261" endtime="20230425 17:23:36.261"/>
</kw>
<kw name="Element Should Contain" library="SeleniumLibrary">
<arg>${txt_error}</arg>
<arg>${error_msg}</arg>
<doc>Verifies that element ``locator`` contains text ``expected``.</doc>
<msg timestamp="20230425 17:23:36.280" level="INFO">Element 'xpath://*[@id="login_button_container"]/div/form/div[3]/h3' contains text 'Epic sadface: Username and password do not match any user in this service'.</msg>
<status status="PASS" starttime="20230425 17:23:36.262" endtime="20230425 17:23:36.280"/>
</kw>
<status status="PASS" starttime="20230425 17:23:34.937" endtime="20230425 17:23:36.280"/>
</kw>
<status status="PASS" starttime="20230425 17:23:34.936" endtime="20230425 17:23:36.281"/>
</test>
<kw name="Finish Testcase" library="Common_Datadriven" type="TEARDOWN">
<kw name="Close Browser" library="SeleniumLibrary">
<doc>Closes the current browser.</doc>
<status status="PASS" starttime="20230425 17:23:36.283" endtime="20230425 17:23:38.484"/>
</kw>
<status status="PASS" starttime="20230425 17:23:36.281" endtime="20230425 17:23:38.484"/>
</kw>
<status status="PASS" starttime="20230425 17:23:23.285" endtime="20230425 17:23:38.484"/>
</suite>
<status status="PASS" starttime="20230425 17:23:23.252" endtime="20230425 17:23:38.484"/>
</suite>
<statistics>
<total>
<stat pass="6" fail="0" skip="0">All Tests</stat>
</total>
<tag>
</tag>
<suite>
<stat pass="6" fail="0" skip="0" id="s1" name="Suites">Suites</stat>
<stat pass="6" fail="0" skip="0" id="s1-s1" name="DataDriven CSV">Suites.DataDriven CSV</stat>
</suite>
</statistics>
<errors>
<msg timestamp="20230425 17:23:29.615" level="WARN">Multiple tests with name 'Verify Login Fails with Invalid Creds' executed in suite 'Suites.DataDriven CSV'.</msg>
<msg timestamp="20230425 17:23:30.896" level="WARN">Multiple tests with name 'Verify Login Fails with Invalid Creds' executed in suite 'Suites.DataDriven CSV'.</msg>
<msg timestamp="20230425 17:23:32.241" level="WARN">Multiple tests with name 'Verify Login Fails with Invalid Creds' executed in suite 'Suites.DataDriven CSV'.</msg>
<msg timestamp="20230425 17:23:33.583" level="WARN">Multiple tests with name 'Verify Login Fails with Invalid Creds' executed in suite 'Suites.DataDriven CSV'.</msg>
<msg timestamp="20230425 17:23:34.936" level="WARN">Multiple tests with name 'Verify Login Fails with Invalid Creds' executed in suite 'Suites.DataDriven CSV'.</msg>
</errors>
</robot>
