<?xml version="1.0" encoding="UTF-8"?>
<robot generator="Robot 6.0.2 (Python 3.11.3 on win32)" generated="20230425 17:23:23.207" rpa="false" schemaversion="3">
<suite id="s1" name="Suites">
<suite id="s1-s1" name="DataDriven builtin" source="D:\Code Files\Python\RobotFramworkTute\Tests\Google\FunctionalTestSuite\DataDriven_builtin.robot">
<kw name="Start TestCase" library="Common_Datadriven" type="SETUP">
<kw name="Open Browser" library="SeleniumLibrary">
<arg>${url}</arg>
<arg>${browser}</arg>
<doc>Opens a new browser instance to the optional ``url``.</doc>
<msg timestamp="20230425 17:23:23.683" level="INFO">Opening browser 'Chrome' to base url 'https://www.saucedemo.com/'.</msg>
<status status="PASS" starttime="20230425 17:23:23.683" endtime="20230425 17:23:27.228"/>
</kw>
<kw name="Maximize Browser Window" library="SeleniumLibrary">
<doc>Maximizes current browser window.</doc>
<status status="PASS" starttime="20230425 17:23:27.229" endtime="20230425 17:23:27.529"/>
</kw>
<kw name="Sleep" library="BuiltIn">
<arg>1s</arg>
<doc>Pauses the test executed for the given time.</doc>
<msg timestamp="20230425 17:23:28.531" level="INFO">Slept 1 second</msg>
<status status="PASS" starttime="20230425 17:23:27.530" endtime="20230425 17:23:28.531"/>
</kw>
<status status="PASS" starttime="20230425 17:23:23.683" endtime="20230425 17:23:28.531"/>
</kw>
<test id="s1-s1-t1" name="Verify Login fails - Blank Username and Password" line="10">
<kw name="Invalid Login Scenarios">
<arg>${EMPTY}</arg>
<arg>${EMPTY}</arg>
<arg>Epic sadface: Username is required</arg>
<kw name="Input Text" library="SeleniumLibrary">
<arg>${txtbox_username}</arg>
<arg>${username}</arg>
<doc>Types the given ``text`` into the text field identified by ``locator``.</doc>
<msg timestamp="20230425 17:23:28.536" level="INFO">Typing text '' into text field 'xpath://*[@id="user-name"]'.</msg>
<status status="PASS" starttime="20230425 17:23:28.535" endtime="20230425 17:23:28.640"/>
</kw>
<kw name="Input Text" library="SeleniumLibrary">
<arg>${txtbox_password}</arg>
<arg>${password}</arg>
<doc>Types the given ``text`` into the text field identified by ``locator``.</doc>
<msg timestamp="20230425 17:23:28.641" level="INFO">Typing text '' into text field 'xpath://*[@id="password"]'.</msg>
<status status="PASS" starttime="20230425 17:23:28.640" endtime="20230425 17:23:28.740"/>
</kw>
<kw name="Click Button" library="SeleniumLibrary">
<arg>${btn_login}</arg>
<doc>Clicks the button identified by ``locator``.</doc>
<msg timestamp="20230425 17:23:28.741" level="INFO">Clicking button 'xpath://*[@id="login-button"]'.</msg>
<status status="PASS" starttime="20230425 17:23:28.740" endtime="20230425 17:23:28.825"/>
</kw>
<kw name="Sleep" library="BuiltIn">
<arg>2s</arg>
<doc>Pauses the test executed for the given time.</doc>
<msg timestamp="20230425 17:23:30.826" level="INFO">Slept 2 seconds</msg>
<status status="PASS" starttime="20230425 17:23:28.825" endtime="20230425 17:23:30.826"/>
</kw>
<kw name="Element Should Contain" library="SeleniumLibrary">
<arg>${txt_error}</arg>
<arg>${error_msg}</arg>
<doc>Verifies that element ``locator`` contains text ``expected``.</doc>
<msg timestamp="20230425 17:23:30.857" level="INFO">Element 'xpath://*[@id="login_button_container"]/div/form/div[3]/h3' contains text 'Epic sadface: Username is required'.</msg>
<status status="PASS" starttime="20230425 17:23:30.826" endtime="20230425 17:23:30.857"/>
</kw>
<status status="PASS" starttime="20230425 17:23:28.532" endtime="20230425 17:23:30.858"/>
</kw>
<status status="PASS" starttime="20230425 17:23:28.532" endtime="20230425 17:23:30.858"/>
</test>
<test id="s1-s1-t2" name="Verify Login fails - Blank Password" line="11">
<kw name="Invalid Login Scenarios">
<arg>standard_user</arg>
<arg>${EMPTY}</arg>
<arg>Epic sadface: Password is required</arg>
<kw name="Input Text" library="SeleniumLibrary">
<arg>${txtbox_username}</arg>
<arg>${username}</arg>
<doc>Types the given ``text`` into the text field identified by ``locator``.</doc>
<msg timestamp="20230425 17:23:30.859" level="INFO">Typing text 'standard_user' into text field 'xpath://*[@id="user-name"]'.</msg>
<status status="PASS" starttime="20230425 17:23:30.859" endtime="20230425 17:23:30.990"/>
</kw>
<kw name="Input Text" library="SeleniumLibrary">
<arg>${txtbox_password}</arg>
<arg>${password}</arg>
<doc>Types the given ``text`` into the text field identified by ``locator``.</doc>
<msg timestamp="20230425 17:23:30.992" level="INFO">Typing text '' into text field 'xpath://*[@id="password"]'.</msg>
<status status="PASS" starttime="20230425 17:23:30.990" endtime="20230425 17:23:31.081"/>
</kw>
<kw name="Click Button" library="SeleniumLibrary">
<arg>${btn_login}</arg>
<doc>Clicks the button identified by ``locator``.</doc>
<msg timestamp="20230425 17:23:31.081" level="INFO">Clicking button 'xpath://*[@id="login-button"]'.</msg>
<status status="PASS" starttime="20230425 17:23:31.081" endtime="20230425 17:23:31.133"/>
</kw>
<kw name="Sleep" library="BuiltIn">
<arg>2s</arg>
<doc>Pauses the test executed for the given time.</doc>
<msg timestamp="20230425 17:23:33.135" level="INFO">Slept 2 seconds</msg>
<status status="PASS" starttime="20230425 17:23:31.134" endtime="20230425 17:23:33.135"/>
</kw>
<kw name="Element Should Contain" library="SeleniumLibrary">
<arg>${txt_error}</arg>
<arg>${error_msg}</arg>
<doc>Verifies that element ``locator`` contains text ``expected``.</doc>
<msg timestamp="20230425 17:23:33.155" level="INFO">Element 'xpath://*[@id="login_button_container"]/div/form/div[3]/h3' contains text 'Epic sadface: Password is required'.</msg>
<status status="PASS" starttime="20230425 17:23:33.135" endtime="20230425 17:23:33.155"/>
</kw>
<status status="PASS" starttime="20230425 17:23:30.859" endtime="20230425 17:23:33.155"/>
</kw>
<status status="PASS" starttime="20230425 17:23:30.859" endtime="20230425 17:23:33.155"/>
</test>
<test id="s1-s1-t3" name="Verify Login fails - Wrong Username and Password" line="12">
<kw name="Invalid Login Scenarios">
<arg>standard_use</arg>
<arg>secret_sa</arg>
<arg>Epic sadface: Username and password do not match any user in this service</arg>
<kw name="Input Text" library="SeleniumLibrary">
<arg>${txtbox_username}</arg>
<arg>${username}</arg>
<doc>Types the given ``text`` into the text field identified by ``locator``.</doc>
<msg timestamp="20230425 17:23:33.162" level="INFO">Typing text 'standard_use' into text field 'xpath://*[@id="user-name"]'.</msg>
<status status="PASS" starttime="20230425 17:23:33.162" endtime="20230425 17:23:33.323"/>
</kw>
<kw name="Input Text" library="SeleniumLibrary">
<arg>${txtbox_password}</arg>
<arg>${password}</arg>
<doc>Types the given ``text`` into the text field identified by ``locator``.</doc>
<msg timestamp="20230425 17:23:33.323" level="INFO">Typing text 'secret_sa' into text field 'xpath://*[@id="password"]'.</msg>
<status status="PASS" starttime="20230425 17:23:33.323" endtime="20230425 17:23:33.447"/>
</kw>
<kw name="Click Button" library="SeleniumLibrary">
<arg>${btn_login}</arg>
<doc>Clicks the button identified by ``locator``.</doc>
<msg timestamp="20230425 17:23:33.448" level="INFO">Clicking button 'xpath://*[@id="login-button"]'.</msg>
<status status="PASS" starttime="20230425 17:23:33.448" endtime="20230425 17:23:33.501"/>
</kw>
<kw name="Sleep" library="BuiltIn">
<arg>2s</arg>
<doc>Pauses the test executed for the given time.</doc>
<msg timestamp="20230425 17:23:35.503" level="INFO">Slept 2 seconds</msg>
<status status="PASS" starttime="20230425 17:23:33.501" endtime="20230425 17:23:35.503"/>
</kw>
<kw name="Element Should Contain" library="SeleniumLibrary">
<arg>${txt_error}</arg>
<arg>${error_msg}</arg>
<doc>Verifies that element ``locator`` contains text ``expected``.</doc>
<msg timestamp="20230425 17:23:35.524" level="INFO">Element 'xpath://*[@id="login_button_container"]/div/form/div[3]/h3' contains text 'Epic sadface: Username and password do not match any user in this service'.</msg>
<status status="PASS" starttime="20230425 17:23:35.503" endtime="20230425 17:23:35.524"/>
</kw>
<status status="PASS" starttime="20230425 17:23:33.162" endtime="20230425 17:23:35.524"/>
</kw>
<status status="PASS" starttime="20230425 17:23:33.162" endtime="20230425 17:23:35.524"/>
</test>
<test id="s1-s1-t4" name="Verify Login fails - Wrong Password" line="13">
<kw name="Invalid Login Scenarios">
<arg>standard_user</arg>
<arg>secret_sa</arg>
<arg>Epic sadface: Username and password do not match any user in this service</arg>
<kw name="Input Text" library="SeleniumLibrary">
<arg>${txtbox_username}</arg>
<arg>${username}</arg>
<doc>Types the given ``text`` into the text field identified by ``locator``.</doc>
<msg timestamp="20230425 17:23:35.527" level="INFO">Typing text 'standard_user' into text field 'xpath://*[@id="user-name"]'.</msg>
<status status="PASS" starttime="20230425 17:23:35.526" endtime="20230425 17:23:35.662"/>
</kw>
<kw name="Input Text" library="SeleniumLibrary">
<arg>${txtbox_password}</arg>
<arg>${password}</arg>
<doc>Types the given ``text`` into the text field identified by ``locator``.</doc>
<msg timestamp="20230425 17:23:35.664" level="INFO">Typing text 'secret_sa' into text field 'xpath://*[@id="password"]'.</msg>
<status status="PASS" starttime="20230425 17:23:35.663" endtime="20230425 17:23:35.787"/>
</kw>
<kw name="Click Button" library="SeleniumLibrary">
<arg>${btn_login}</arg>
<doc>Clicks the button identified by ``locator``.</doc>
<msg timestamp="20230425 17:23:35.789" level="INFO">Clicking button 'xpath://*[@id="login-button"]'.</msg>
<status status="PASS" starttime="20230425 17:23:35.788" endtime="20230425 17:23:35.837"/>
</kw>
<kw name="Sleep" library="BuiltIn">
<arg>2s</arg>
<doc>Pauses the test executed for the given time.</doc>
<msg timestamp="20230425 17:23:37.839" level="INFO">Slept 2 seconds</msg>
<status status="PASS" starttime="20230425 17:23:35.837" endtime="20230425 17:23:37.839"/>
</kw>
<kw name="Element Should Contain" library="SeleniumLibrary">
<arg>${txt_error}</arg>
<arg>${error_msg}</arg>
<doc>Verifies that element ``locator`` contains text ``expected``.</doc>
<msg timestamp="20230425 17:23:37.888" level="INFO">Element 'xpath://*[@id="login_button_container"]/div/form/div[3]/h3' contains text 'Epic sadface: Username and password do not match any user in this service'.</msg>
<status status="PASS" starttime="20230425 17:23:37.839" endtime="20230425 17:23:37.888"/>
</kw>
<status status="PASS" starttime="20230425 17:23:35.525" endtime="20230425 17:23:37.888"/>
</kw>
<status status="PASS" starttime="20230425 17:23:35.525" endtime="20230425 17:23:37.888"/>
</test>
<test id="s1-s1-t5" name="Verify Login fails - LockedOut User" line="14">
<kw name="Invalid Login Scenarios">
<arg>locked_out_user</arg>
<arg>secret_sauce</arg>
<arg>Epic sadface: Sorry, this user has been locked out.</arg>
<kw name="Input Text" library="SeleniumLibrary">
<arg>${txtbox_username}</arg>
<arg>${username}</arg>
<doc>Types the given ``text`` into the text field identified by ``locator``.</doc>
<msg timestamp="20230425 17:23:37.888" level="INFO">Typing text 'locked_out_user' into text field 'xpath://*[@id="user-name"]'.</msg>
<status status="PASS" starttime="20230425 17:23:37.888" endtime="20230425 17:23:38.133"/>
</kw>
<kw name="Input Text" library="SeleniumLibrary">
<arg>${txtbox_password}</arg>
<arg>${password}</arg>
<doc>Types the given ``text`` into the text field identified by ``locator``.</doc>
<msg timestamp="20230425 17:23:38.134" level="INFO">Typing text 'secret_sauce' into text field 'xpath://*[@id="password"]'.</msg>
<status status="PASS" starttime="20230425 17:23:38.133" endtime="20230425 17:23:38.233"/>
</kw>
<kw name="Click Button" library="SeleniumLibrary">
<arg>${btn_login}</arg>
<doc>Clicks the button identified by ``locator``.</doc>
<msg timestamp="20230425 17:23:38.234" level="INFO">Clicking button 'xpath://*[@id="login-button"]'.</msg>
<status status="PASS" starttime="20230425 17:23:38.233" endtime="20230425 17:23:38.282"/>
</kw>
<kw name="Sleep" library="BuiltIn">
<arg>2s</arg>
<doc>Pauses the test executed for the given time.</doc>
<msg timestamp="20230425 17:23:40.283" level="INFO">Slept 2 seconds</msg>
<status status="PASS" starttime="20230425 17:23:38.282" endtime="20230425 17:23:40.283"/>
</kw>
<kw name="Element Should Contain" library="SeleniumLibrary">
<arg>${txt_error}</arg>
<arg>${error_msg}</arg>
<doc>Verifies that element ``locator`` contains text ``expected``.</doc>
<msg timestamp="20230425 17:23:40.303" level="INFO">Element 'xpath://*[@id="login_button_container"]/div/form/div[3]/h3' contains text 'Epic sadface: Sorry, this user has been locked out.'.</msg>
<status status="PASS" starttime="20230425 17:23:40.283" endtime="20230425 17:23:40.304"/>
</kw>
<status status="PASS" starttime="20230425 17:23:37.888" endtime="20230425 17:23:40.304"/>
</kw>
<status status="PASS" starttime="20230425 17:23:37.888" endtime="20230425 17:23:40.304"/>
</test>
<test id="s1-s1-t6" name="Verify Login fails - Wrong Username" line="15">
<kw name="Invalid Login Scenarios">
<arg>standard_us</arg>
<arg>secret_sauce</arg>
<arg>Epic sadface: Username and password do not match any user in this service</arg>
<kw name="Input Text" library="SeleniumLibrary">
<arg>${txtbox_username}</arg>
<arg>${username}</arg>
<doc>Types the given ``text`` into the text field identified by ``locator``.</doc>
<msg timestamp="20230425 17:23:40.306" level="INFO">Typing text 'standard_us' into text field 'xpath://*[@id="user-name"]'.</msg>
<status status="PASS" starttime="20230425 17:23:40.305" endtime="20230425 17:23:40.419"/>
</kw>
<kw name="Input Text" library="SeleniumLibrary">
<arg>${txtbox_password}</arg>
<arg>${password}</arg>
<doc>Types the given ``text`` into the text field identified by ``locator``.</doc>
<msg timestamp="20230425 17:23:40.420" level="INFO">Typing text 'secret_sauce' into text field 'xpath://*[@id="password"]'.</msg>
<status status="PASS" starttime="20230425 17:23:40.419" endtime="20230425 17:23:40.537"/>
</kw>
<kw name="Click Button" library="SeleniumLibrary">
<arg>${btn_login}</arg>
<doc>Clicks the button identified by ``locator``.</doc>
<msg timestamp="20230425 17:23:40.538" level="INFO">Clicking button 'xpath://*[@id="login-button"]'.</msg>
<status status="PASS" starttime="20230425 17:23:40.537" endtime="20230425 17:23:40.596"/>
</kw>
<kw name="Sleep" library="BuiltIn">
<arg>2s</arg>
<doc>Pauses the test executed for the given time.</doc>
<msg timestamp="20230425 17:23:42.598" level="INFO">Slept 2 seconds</msg>
<status status="PASS" starttime="20230425 17:23:40.596" endtime="20230425 17:23:42.599"/>
</kw>
<kw name="Element Should Contain" library="SeleniumLibrary">
<arg>${txt_error}</arg>
<arg>${error_msg}</arg>
<doc>Verifies that element ``locator`` contains text ``expected``.</doc>
<msg timestamp="20230425 17:23:42.673" level="INFO">Element 'xpath://*[@id="login_button_container"]/div/form/div[3]/h3' contains text 'Epic sadface: Username and password do not match any user in this service'.</msg>
<status status="PASS" starttime="20230425 17:23:42.600" endtime="20230425 17:23:42.675"/>
</kw>
<status status="PASS" starttime="20230425 17:23:40.305" endtime="20230425 17:23:42.675"/>
</kw>
<status status="PASS" starttime="20230425 17:23:40.304" endtime="20230425 17:23:42.677"/>
</test>
<kw name="Finish Testcase" library="Common_Datadriven" type="TEARDOWN">
<kw name="Close Browser" library="SeleniumLibrary">
<doc>Closes the current browser.</doc>
<status status="PASS" starttime="20230425 17:23:42.685" endtime="20230425 17:23:45.146"/>
</kw>
<status status="PASS" starttime="20230425 17:23:42.682" endtime="20230425 17:23:45.147"/>
</kw>
<status status="PASS" starttime="20230425 17:23:23.269" endtime="20230425 17:23:45.147"/>
</suite>
<status status="PASS" starttime="20230425 17:23:23.227" endtime="20230425 17:23:45.147"/>
</suite>
<statistics>
<total>
<stat pass="6" fail="0" skip="0">All Tests</stat>
</total>
<tag>
</tag>
<suite>
<stat pass="6" fail="0" skip="0" id="s1" name="Suites">Suites</stat>
<stat pass="6" fail="0" skip="0" id="s1-s1" name="DataDriven builtin">Suites.DataDriven builtin</stat>
</suite>
</statistics>
<errors>
</errors>
</robot>
