<?xml version="1.0" encoding="UTF-8"?>
<robot generator="Robot 6.0.2 (Python 3.9.13 on win32)" generated="20230417 18:19:36.713" rpa="false" schemaversion="3">
<suite id="s1" name="BasicSearch" source="E:\Pogram_files\Python\PycharmProjects\RobotFramworkTute\Tests\eBay\BasicSearch.robot">
<test id="s1-t1" name="Verify basic search functionality for eBay" line="15">
<kw name="Start TestCase">
<kw name="Open Browser" library="SeleniumLibrary">
<arg>${url}</arg>
<arg>${browser}</arg>
<arg>executable_path = ${DRIVER PATH}</arg>
<doc>Opens a new browser instance to the optional ``url``.</doc>
<msg timestamp="20230417 18:19:37.180" level="INFO">Opening browser 'Chrome' to base url 'https://www.ebay.com'.</msg>
<status status="PASS" starttime="20230417 18:19:37.179" endtime="20230417 18:19:41.522"/>
</kw>
<kw name="Maximize Browser Window" library="SeleniumLibrary">
<doc>Maximizes current browser window.</doc>
<status status="PASS" starttime="20230417 18:19:41.522" endtime="20230417 18:19:41.677"/>
</kw>
<status status="PASS" starttime="20230417 18:19:37.178" endtime="20230417 18:19:41.678"/>
</kw>
<kw name="Input Text" library="SeleniumLibrary">
<arg>id:gh-ac</arg>
<arg>robot</arg>
<doc>Types the given ``text`` into the text field identified by ``locator``.</doc>
<msg timestamp="20230417 18:19:41.683" level="INFO">Typing text 'robot' into text field 'id:gh-ac'.</msg>
<status status="PASS" starttime="20230417 18:19:41.680" endtime="20230417 18:19:41.938"/>
</kw>
<kw name="Sleep" library="BuiltIn">
<arg>1s</arg>
<doc>Pauses the test executed for the given time.</doc>
<msg timestamp="20230417 18:19:42.945" level="INFO">Slept 1 second</msg>
<status status="PASS" starttime="20230417 18:19:41.939" endtime="20230417 18:19:42.945"/>
</kw>
<kw name="Finish TestCase">
<kw name="Close Browser" library="SeleniumLibrary">
<doc>Closes the current browser.</doc>
<status status="PASS" starttime="20230417 18:19:42.947" endtime="20230417 18:19:45.272"/>
</kw>
<status status="PASS" starttime="20230417 18:19:42.946" endtime="20230417 18:19:45.273"/>
</kw>
<doc>This test case verifies the basic search</doc>
<tag>Functional</tag>
<status status="PASS" starttime="20230417 18:19:37.177" endtime="20230417 18:19:45.274"/>
</test>
<doc>Basic Search Functionality</doc>
<status status="PASS" starttime="20230417 18:19:36.715" endtime="20230417 18:19:45.277"/>
</suite>
<statistics>
<total>
<stat pass="1" fail="0" skip="0">All Tests</stat>
</total>
<tag>
<stat pass="1" fail="0" skip="0">Functional</stat>
</tag>
<suite>
<stat pass="1" fail="0" skip="0" id="s1" name="BasicSearch">BasicSearch</stat>
</suite>
</statistics>
<errors>
</errors>
</robot>
