<?xml version="1.0" encoding="UTF-8"?>
<robot generator="Robot 6.0.2 (Python 3.11.3 on win32)" generated="20230420 18:13:18.447" rpa="false" schemaversion="3">
<suite id="s1" name="IfElse demo" source="D:\Code Files\Python\RobotFramworkTute\Tests\Google\FunctionalTestSuite\IfElse_demo.robot">
<test id="s1-t1" name="This is a sample test case" line="11">
<kw name="Open Browser" library="SeleniumLibrary">
<arg>https://www.saucedemo.com/</arg>
<arg>${browser}</arg>
<doc>Opens a new browser instance to the optional ``url``.</doc>
<msg timestamp="20230420 18:13:18.827" level="INFO">Opening browser 'Chrome' to base url 'https://www.saucedemo.com/'.</msg>
<status status="PASS" starttime="20230420 18:13:18.827" endtime="20230420 18:13:21.205"/>
</kw>
<kw name="Maximize Browser Window" library="SeleniumLibrary">
<doc>Maximizes current browser window.</doc>
<status status="PASS" starttime="20230420 18:13:21.205" endtime="20230420 18:13:21.363"/>
</kw>
<kw name="Input Text" library="SeleniumLibrary">
<arg>id:user-name</arg>
<arg>standard_user</arg>
<doc>Types the given ``text`` into the text field identified by ``locator``.</doc>
<msg timestamp="20230420 18:13:21.364" level="INFO">Typing text 'standard_user' into text field 'id:user-name'.</msg>
<status status="PASS" starttime="20230420 18:13:21.363" endtime="20230420 18:13:21.561"/>
</kw>
<kw name="Input Password" library="SeleniumLibrary">
<arg>id:password</arg>
<arg>secret_sauce</arg>
<doc>Types the given password into the text field identified by ``locator``.</doc>
<msg timestamp="20230420 18:13:21.562" level="INFO">Typing password into text field 'id:password'.</msg>
<msg timestamp="20230420 18:13:21.615" level="INFO">Temporally setting log level to: NONE</msg>
<msg timestamp="20230420 18:13:21.697" level="INFO">Log level changed from NONE to INFO.</msg>
<status status="PASS" starttime="20230420 18:13:21.561" endtime="20230420 18:13:21.697"/>
</kw>
<kw name="Click Button" library="SeleniumLibrary">
<arg>xpath://*[@id="login-button"]</arg>
<doc>Clicks the button identified by ``locator``.</doc>
<msg timestamp="20230420 18:13:21.700" level="INFO">Clicking button 'xpath://*[@id="login-button"]'.</msg>
<status status="PASS" starttime="20230420 18:13:21.698" endtime="20230420 18:13:21.860"/>
</kw>
<kw name="Get Element Count" library="SeleniumLibrary">
<var>${items_on_page}</var>
<arg>//*[@id="inventory_container"]/div/div[1]</arg>
<doc>Returns the number of elements matching ``locator``.</doc>
<msg timestamp="20230420 18:13:21.911" level="INFO">${items_on_page} = 2</msg>
<status status="PASS" starttime="20230420 18:13:21.865" endtime="20230420 18:13:21.911"/>
</kw>
<kw name="Run Keyword If" library="BuiltIn">
<arg>${items_on_page} == 10</arg>
<arg>Test Keyword 1</arg>
<arg>ELSE IF</arg>
<arg>${items_on_page} &lt; 10 and ${items_on_page} &gt; 6</arg>
<arg>Test Keyword 2</arg>
<arg>ELSE</arg>
<arg>Test Keyword 3</arg>
<doc>Runs the given keyword with the given arguments, if ``condition`` is true.</doc>
<kw name="Test Keyword 3">
<kw name="Log To Console" library="BuiltIn">
<arg>Execute Keyword3 - Found no Items</arg>
<doc>Logs the given message to the console.</doc>
<status status="PASS" starttime="20230420 18:13:21.915" endtime="20230420 18:13:21.919"/>
</kw>
<kw name="Close Browser" library="SeleniumLibrary">
<doc>Closes the current browser.</doc>
<status status="PASS" starttime="20230420 18:13:21.920" endtime="20230420 18:13:24.194"/>
</kw>
<status status="PASS" starttime="20230420 18:13:21.914" endtime="20230420 18:13:24.194"/>
</kw>
<status status="PASS" starttime="20230420 18:13:21.913" endtime="20230420 18:13:24.194"/>
</kw>
<doc>If Else in robot framework</doc>
<tag>regression</tag>
<status status="PASS" starttime="20230420 18:13:18.826" endtime="20230420 18:13:24.194"/>
</test>
<status status="PASS" starttime="20230420 18:13:18.447" endtime="20230420 18:13:24.205"/>
</suite>
<statistics>
<total>
<stat pass="1" fail="0" skip="0">All Tests</stat>
</total>
<tag>
<stat pass="1" fail="0" skip="0">regression</stat>
</tag>
<suite>
<stat pass="1" fail="0" skip="0" id="s1" name="IfElse demo">IfElse demo</stat>
</suite>
</statistics>
<errors>
</errors>
</robot>
