<?xml version="1.0" encoding="UTF-8"?>
<robot generator="Robot 6.0.2 (Python 3.8.10 on win32)" generated="20230417 12:54:33.017" rpa="false" schemaversion="3">
<suite id="s1" name="GoogleSearch" source="D:\Python\robot_frameworks\Tests\Google\FunctionalTestSuite\GoogleSearch.robot">
<test id="s1-t1" name="This is a sample test case" line="10">
<kw name="Open Browser" library="SeleniumLibrary">
<arg>https://www.google.com</arg>
<arg>Chrome</arg>
<arg>executable_path = ${EXECUTABLE PATH}</arg>
<doc>Opens a new browser instance to the optional ``url``.</doc>
<msg timestamp="20230417 12:54:33.353" level="INFO">Opening browser 'Chrome' to base url 'https://www.google.com'.</msg>
<status status="PASS" starttime="20230417 12:54:33.352" endtime="20230417 12:54:41.304"/>
</kw>
<kw name="Close Browser" library="SeleniumLibrary">
<doc>Closes the current browser.</doc>
<status status="PASS" starttime="20230417 12:54:41.306" endtime="20230417 12:54:43.767"/>
</kw>
<doc>Google test</doc>
<tag>regression</tag>
<status status="PASS" starttime="20230417 12:54:33.350" endtime="20230417 12:54:43.768"/>
</test>
<status status="PASS" starttime="20230417 12:54:33.019" endtime="20230417 12:54:43.770"/>
</suite>
<statistics>
<total>
<stat pass="1" fail="0" skip="0">All Tests</stat>
</total>
<tag>
<stat pass="1" fail="0" skip="0">regression</stat>
</tag>
<suite>
<stat pass="1" fail="0" skip="0" id="s1" name="GoogleSearch">GoogleSearch</stat>
</suite>
</statistics>
<errors>
</errors>
</robot>
